2013-07-04 09:58:14 INFO  [140038721316672] TreeFrog Framework version 1.6.1
2013-07-04 09:58:14 INFO  [140038721316672] Qt 4.8.4 / Linux 3.8.0-25-generic
2013-07-04 09:58:14 INFO  [140038721316672] TreeFrog application servers start up.  port:8800
2013-07-04 09:58:14 INFO  [139793653290816] SQL database available
2013-07-04 09:58:26 INFO  [140038721316672] TreeFrog application servers shutting down
2013-07-04 09:58:27 INFO  [140038721316672] TreeFrog application servers shutdown completed
2013-07-04 09:58:29 INFO  [139796635670336] TreeFrog Framework version 1.6.1
2013-07-04 09:58:29 INFO  [139796635670336] Qt 4.8.4 / Linux 3.8.0-25-generic
2013-07-04 09:58:29 INFO  [139796635670336] TreeFrog application servers start up.  port:8800
2013-07-04 09:58:29 INFO  [140599618991936] SQL database available
2013-07-04 09:58:51 INFO  [139796635670336] TreeFrog application servers shutting down
2013-07-04 09:58:51 INFO  [139796635670336] TreeFrog application servers shutdown completed
2013-07-04 09:58:57 INFO  [140506274846528] TreeFrog Framework version 1.6.1
2013-07-04 09:58:57 INFO  [140506274846528] Qt 4.8.4 / Linux 3.8.0-25-generic
2013-07-04 09:58:57 INFO  [140506274846528] TreeFrog application servers start up.  port:8800
2013-07-04 09:58:57 INFO  [140052552828736] SQL database available
2013-07-04 16:57:39 INFO  [140506274846528] TreeFrog application servers shutting down
2013-07-04 16:57:39 INFO  [140506274846528] TreeFrog application servers shutdown completed
2013-07-05 08:14:36 INFO  [139810631731008] TreeFrog Framework version 1.6.1
2013-07-05 08:14:36 INFO  [139810631731008] Qt 4.8.4 / Linux 3.8.0-25-generic
2013-07-05 08:14:36 INFO  [139810631731008] TreeFrog application servers start up.  port:8800
2013-07-05 08:14:36 INFO  [139793254012736] SQL database available
2013-07-05 08:15:09 WARN  [139793147291392] Reading a socket timed out after 10 seconds. Descriptor:12
2013-07-05 15:48:02 WARN  [139793147291392] Reading a socket timed out after 10 seconds. Descriptor:12
2013-07-05 15:49:21 WARN  [139793147291392] QAbstractSocket::waitForBytesWritten() is not allowed in UnconnectedState
2013-07-05 15:52:51 INFO  [139810631731008] TreeFrog application servers shutting down
2013-07-05 15:52:51 INFO  [139810631731008] TreeFrog application servers shutdown completed
2013-07-05 15:52:53 INFO  [140066241398592] TreeFrog Framework version 1.6.1
2013-07-05 15:52:53 INFO  [140066241398592] Qt 4.8.4 / Linux 3.8.0-25-generic
2013-07-05 15:52:53 INFO  [140066241398592] TreeFrog application servers start up.  port:8800
2013-07-05 15:52:53 INFO  [139793553786688] SQL database available
2013-07-05 16:15:53 INFO  [140066241398592] TreeFrog application servers shutting down
2013-07-05 16:15:53 INFO  [140066241398592] TreeFrog application servers shutdown completed
2013-07-05 16:15:53 INFO  [140066241398592] TreeFrog Framework version 1.6.1
2013-07-05 16:15:53 INFO  [140066241398592] Qt 4.8.4 / Linux 3.8.0-25-generic
2013-07-05 16:15:53 INFO  [140066241398592] TreeFrog application servers start up.  port:8800
2013-07-05 16:15:53 INFO  [140571972843328] SQL database available
2013-07-05 16:58:16 INFO  [140066241398592] TreeFrog application servers shutting down
2013-07-05 16:58:16 INFO  [140066241398592] TreeFrog application servers shutdown completed
2013-07-10 11:48:56 INFO  [140690457384768] TreeFrog Framework version 1.6.1
2013-07-10 11:48:56 INFO  [140690457384768] Qt 4.8.4 / Linux 3.8.0-25-generic
2013-07-10 11:48:56 INFO  [140690457384768] TreeFrog application servers start up.  port:8800
2013-07-10 11:48:56 INFO  [140010144171840] SQL database available
2013-07-10 11:51:56 INFO  [140690457384768] TreeFrog application servers shutting down
2013-07-10 11:51:56 INFO  [140690457384768] TreeFrog application servers shutdown completed
2013-07-10 11:51:56 INFO  [140690457384768] TreeFrog Framework version 1.6.1
2013-07-10 11:51:56 INFO  [140690457384768] Qt 4.8.4 / Linux 3.8.0-25-generic
2013-07-10 11:51:56 INFO  [140690457384768] TreeFrog application servers start up.  port:8800
2013-07-10 11:51:57 INFO  [140402463037248] SQL database available
2013-07-10 11:52:39 INFO  [140690457384768] TreeFrog application servers shutting down
2013-07-10 11:52:39 INFO  [140690457384768] TreeFrog application servers shutdown completed
2013-07-10 11:52:39 INFO  [140690457384768] TreeFrog Framework version 1.6.1
2013-07-10 11:52:39 INFO  [140690457384768] Qt 4.8.4 / Linux 3.8.0-25-generic
2013-07-10 11:52:39 INFO  [140690457384768] TreeFrog application servers start up.  port:8800
2013-07-10 11:52:39 INFO  [139817954953024] SQL database available
2013-07-10 11:53:08 INFO  [140690457384768] TreeFrog application servers shutting down
2013-07-10 11:53:08 INFO  [140690457384768] TreeFrog application servers shutdown completed
2013-07-10 11:53:08 INFO  [140690457384768] TreeFrog Framework version 1.6.1
2013-07-10 11:53:08 INFO  [140690457384768] Qt 4.8.4 / Linux 3.8.0-25-generic
2013-07-10 11:53:08 INFO  [140690457384768] TreeFrog application servers start up.  port:8800
2013-07-10 11:53:08 INFO  [140634846324544] SQL database available
2013-07-11 09:46:56 INFO  [140715069634368] TreeFrog Framework version 1.6.1
2013-07-11 09:46:56 INFO  [140715069634368] Qt 4.8.4 / Linux 3.8.0-25-generic
2013-07-11 09:46:56 INFO  [140715069634368] TreeFrog application servers start up.  port:8800
2013-07-11 09:46:56 INFO  [140210966505280] SQL database available
2013-07-11 09:47:37 INFO  [140715069634368] TreeFrog application servers shutting down
2013-07-11 09:47:38 INFO  [140715069634368] TreeFrog application servers shutdown completed
2013-07-11 09:47:44 INFO  [140684249528128] TreeFrog Framework version 1.6.1
2013-07-11 09:47:44 INFO  [140684249528128] Qt 4.8.4 / Linux 3.8.0-25-generic
2013-07-11 09:47:44 INFO  [140684249528128] TreeFrog application servers start up.  port:8800
2013-07-11 09:47:44 INFO  [140687206176576] SQL database available
2013-07-11 09:48:00 WARN  [140687109998336] QAbstractSocket::waitForBytesWritten() is not allowed in UnconnectedState
2013-07-11 09:48:00 WARN  [140687099455232] QAbstractSocket::waitForBytesWritten() is not allowed in UnconnectedState
2013-07-11 09:48:14 WARN  [140687099455232] Reading a socket timed out after 10 seconds. Descriptor:-1
2013-07-11 09:48:20 INFO  [140684249528128] TreeFrog application servers shutting down
2013-07-11 09:48:20 INFO  [140684249528128] TreeFrog application servers shutdown completed
2013-07-11 09:49:46 INFO  [140483651778368] TreeFrog Framework version 1.6.1
2013-07-11 09:49:46 INFO  [140483651778368] Qt 4.8.4 / Linux 3.8.0-25-generic
2013-07-11 09:49:46 INFO  [140483651778368] TreeFrog application servers start up.  port:8800
2013-07-11 09:49:46 INFO  [140268341233472] SQL database available
2013-07-11 09:49:54 INFO  [140483651778368] TreeFrog application servers shutting down
2013-07-11 09:49:54 INFO  [140483651778368] TreeFrog application servers shutdown completed
2013-07-11 09:49:57 INFO  [140227549546304] TreeFrog Framework version 1.6.1
2013-07-11 09:49:57 INFO  [140227549546304] Qt 4.8.4 / Linux 3.8.0-25-generic
2013-07-11 09:49:57 INFO  [140227549546304] TreeFrog application servers start up.  port:8800
2013-07-11 09:49:57 INFO  [139936870500160] SQL database available
2013-07-11 09:49:59 INFO  [140227549546304] TreeFrog application servers shutting down
2013-07-11 09:49:59 INFO  [140227549546304] TreeFrog application servers shutdown completed
2013-07-11 09:50:19 INFO  [139916801066816] TreeFrog Framework version 1.6.1
2013-07-11 09:50:19 INFO  [139916801066816] Qt 4.8.4 / Linux 3.8.0-25-generic
2013-07-11 09:50:19 INFO  [139916801066816] TreeFrog application servers start up.  port:8800
2013-07-11 09:50:19 INFO  [140527430514496] SQL database available
2013-07-11 09:50:35 INFO  [139916801066816] TreeFrog application servers shutting down
2013-07-11 09:50:35 INFO  [139916801066816] TreeFrog application servers shutdown completed
2013-07-11 09:50:58 INFO  [140374043592512] TreeFrog Framework version 1.6.1
2013-07-11 09:50:58 INFO  [140374043592512] Qt 4.8.4 / Linux 3.8.0-25-generic
2013-07-11 09:50:58 INFO  [140374043592512] TreeFrog application servers start up.  port:8800
2013-07-11 09:50:58 INFO  [140515172718400] SQL database available
2013-07-11 09:51:06 INFO  [140374043592512] TreeFrog application servers shutting down
2013-07-11 09:51:06 INFO  [140374043592512] TreeFrog application servers shutdown completed
2013-07-11 09:51:30 INFO  [140628337207104] TreeFrog Framework version 1.6.1
2013-07-11 09:51:30 INFO  [140628337207104] Qt 4.8.4 / Linux 3.8.0-25-generic
2013-07-11 09:51:30 INFO  [140628337207104] TreeFrog application servers start up.  port:8800
2013-07-11 09:51:30 INFO  [139870399952704] SQL database available
2013-07-11 09:51:40 INFO  [140628337207104] TreeFrog application servers shutting down
2013-07-11 09:51:40 INFO  [140628337207104] TreeFrog application servers shutdown completed
2013-07-11 09:52:55 INFO  [140199976138560] TreeFrog Framework version 1.6.1
2013-07-11 09:52:55 INFO  [140199976138560] Qt 4.8.4 / Linux 3.8.0-25-generic
2013-07-11 09:52:55 INFO  [140199976138560] TreeFrog application servers start up.  port:8800
2013-07-11 09:52:55 INFO  [139790634403648] SQL database available
2013-07-11 09:53:16 INFO  [140199976138560] TreeFrog application servers shutting down
2013-07-11 09:53:16 INFO  [140199976138560] TreeFrog application servers shutdown completed
2013-07-11 09:53:40 INFO  [139710572939072] TreeFrog Framework version 1.6.1
2013-07-11 09:53:40 INFO  [139710572939072] Qt 4.8.4 / Linux 3.8.0-25-generic
2013-07-11 09:53:40 INFO  [139710572939072] TreeFrog application servers start up.  port:8800
2013-07-11 09:53:40 INFO  [139881521674048] SQL database available
2013-07-11 10:11:28 INFO  [139710572939072] TreeFrog application servers shutting down
2013-07-11 10:11:28 INFO  [139710572939072] TreeFrog application servers shutdown completed
2013-07-11 10:11:29 INFO  [139639587354432] TreeFrog Framework version 1.6.1
2013-07-11 10:11:29 INFO  [139639587354432] Qt 4.8.4 / Linux 3.8.0-25-generic
2013-07-11 10:11:29 INFO  [139639587354432] TreeFrog application servers start up.  port:8800
2013-07-11 10:11:29 INFO  [140427434702656] SQL database available
2013-07-11 10:18:17 INFO  [139639587354432] TreeFrog application servers shutting down
2013-07-11 10:18:17 INFO  [139639587354432] TreeFrog application servers shutdown completed
2013-07-11 10:18:17 INFO  [139664407570240] TreeFrog Framework version 1.6.1
2013-07-11 10:18:17 INFO  [139664407570240] Qt 4.8.4 / Linux 3.8.0-25-generic
2013-07-11 10:18:17 INFO  [139664407570240] TreeFrog application servers start up.  port:8800
2013-07-11 10:18:17 INFO  [140211058472768] SQL database available
2013-07-11 10:18:54 INFO  [139664407570240] TreeFrog application servers shutting down
2013-07-11 10:18:54 INFO  [139664407570240] TreeFrog application servers shutdown completed
2013-07-11 10:18:56 INFO  [140118414825280] TreeFrog Framework version 1.6.1
2013-07-11 10:18:56 INFO  [140118414825280] Qt 4.8.4 / Linux 3.8.0-25-generic
2013-07-11 10:18:56 INFO  [140118414825280] TreeFrog application servers start up.  port:8800
2013-07-11 10:18:56 INFO  [140171684280128] SQL database available
2013-07-11 10:19:43 INFO  [140118414825280] TreeFrog application servers shutting down
2013-07-11 10:19:43 INFO  [140118414825280] TreeFrog application servers shutdown completed
2013-07-11 10:19:44 INFO  [140261231101760] TreeFrog Framework version 1.6.1
2013-07-11 10:19:44 INFO  [140261231101760] Qt 4.8.4 / Linux 3.8.0-25-generic
2013-07-11 10:19:44 INFO  [140261231101760] TreeFrog application servers start up.  port:8800
2013-07-11 10:19:44 INFO  [140076815882048] SQL database available
2013-07-11 10:20:04 ERROR [140076719527680] SQL insert error: Cannot add or update a child row: a foreign key constraint fails (`blogdb`.`post`, CONSTRAINT `post_ibfk_1` FOREIGN KEY (`blog_id`) REFERENCES `blog` (`id`)) QMYSQL: Unable to execute query
2013-07-11 10:20:21 INFO  [140261231101760] TreeFrog application servers shutting down
2013-07-11 10:20:21 INFO  [140261231101760] TreeFrog application servers shutdown completed
2013-07-11 10:20:23 INFO  [140061346473792] TreeFrog Framework version 1.6.1
2013-07-11 10:20:23 INFO  [140061346473792] Qt 4.8.4 / Linux 3.8.0-25-generic
2013-07-11 10:20:23 INFO  [140061346473792] TreeFrog application servers start up.  port:8800
2013-07-11 10:20:23 INFO  [139892363716416] SQL database available
2013-07-11 10:20:26 ERROR [139892267362048] SQL insert error: Cannot add or update a child row: a foreign key constraint fails (`blogdb`.`post`, CONSTRAINT `post_ibfk_1` FOREIGN KEY (`blog_id`) REFERENCES `blog` (`id`)) QMYSQL: Unable to execute query
2013-07-11 10:20:34 ERROR [139892267362048] SQL insert error: Cannot add or update a child row: a foreign key constraint fails (`blogdb`.`post`, CONSTRAINT `post_ibfk_1` FOREIGN KEY (`blog_id`) REFERENCES `blog` (`id`)) QMYSQL: Unable to execute query
2013-07-11 10:21:11 INFO  [140061346473792] TreeFrog application servers shutting down
2013-07-11 10:21:11 INFO  [140061346473792] TreeFrog application servers shutdown completed
2013-07-11 10:21:13 INFO  [140540849088320] TreeFrog Framework version 1.6.1
2013-07-11 10:21:13 INFO  [140540849088320] Qt 4.8.4 / Linux 3.8.0-25-generic
2013-07-11 10:21:13 INFO  [140540849088320] TreeFrog application servers start up.  port:8800
2013-07-11 10:21:13 INFO  [140666702919488] SQL database available
2013-07-11 10:26:15 INFO  [140540849088320] TreeFrog application servers shutting down
2013-07-11 10:26:15 INFO  [140540849088320] TreeFrog application servers shutdown completed
2013-07-11 10:26:19 INFO  [139760297244480] TreeFrog Framework version 1.6.1
2013-07-11 10:26:19 INFO  [139760297244480] Qt 4.8.4 / Linux 3.8.0-25-generic
2013-07-11 10:26:19 INFO  [139760297244480] TreeFrog application servers start up.  port:8800
2013-07-11 10:26:19 INFO  [140160716969792] SQL database available
2013-07-11 10:27:10 INFO  [139760297244480] TreeFrog application servers shutting down
2013-07-11 10:27:10 INFO  [139760297244480] TreeFrog application servers shutdown completed
2013-07-11 10:27:11 INFO  [140349909854016] TreeFrog Framework version 1.6.1
2013-07-11 10:27:11 INFO  [140349909854016] Qt 4.8.4 / Linux 3.8.0-25-generic
2013-07-11 10:27:11 INFO  [140349909854016] TreeFrog application servers start up.  port:8800
2013-07-11 10:27:11 INFO  [140671072937792] SQL database available
2013-07-11 10:27:22 INFO  [140349909854016] TreeFrog application servers shutting down
2013-07-11 10:27:22 INFO  [140349909854016] TreeFrog application servers shutdown completed
2013-07-11 10:27:23 INFO  [140400567220032] TreeFrog Framework version 1.6.1
2013-07-11 10:27:23 INFO  [140400567220032] Qt 4.8.4 / Linux 3.8.0-25-generic
2013-07-11 10:27:23 INFO  [140400567220032] TreeFrog application servers start up.  port:8800
2013-07-11 10:27:23 INFO  [140660299507520] SQL database available
2013-07-11 10:28:34 INFO  [140400567220032] TreeFrog application servers shutting down
2013-07-11 10:28:34 INFO  [140400567220032] TreeFrog application servers shutdown completed
2013-07-11 10:28:35 INFO  [140000479516480] TreeFrog Framework version 1.6.1
2013-07-11 10:28:35 INFO  [140000479516480] Qt 4.8.4 / Linux 3.8.0-25-generic
2013-07-11 10:28:35 INFO  [140000479516480] TreeFrog application servers start up.  port:8800
2013-07-11 10:28:35 INFO  [139892909823808] SQL database available
2013-07-11 10:29:06 INFO  [140000479516480] TreeFrog application servers shutting down
2013-07-11 10:29:06 INFO  [140000479516480] TreeFrog application servers shutdown completed
2013-07-11 10:29:08 INFO  [140630304216896] TreeFrog Framework version 1.6.1
2013-07-11 10:29:08 INFO  [140630304216896] Qt 4.8.4 / Linux 3.8.0-25-generic
2013-07-11 10:29:08 INFO  [140630304216896] TreeFrog application servers start up.  port:8800
2013-07-11 10:29:08 INFO  [140191665514304] SQL database available
2013-07-11 10:31:09 INFO  [140630304216896] TreeFrog application servers shutting down
2013-07-11 10:31:09 INFO  [140630304216896] TreeFrog application servers shutdown completed
2013-07-11 10:31:12 INFO  [139735089592128] TreeFrog Framework version 1.6.1
2013-07-11 10:31:12 INFO  [139735089592128] Qt 4.8.4 / Linux 3.8.0-25-generic
2013-07-11 10:31:12 INFO  [139735089592128] TreeFrog application servers start up.  port:8800
2013-07-11 10:31:12 INFO  [139809072039744] SQL database available
2013-07-11 10:31:51 INFO  [139735089592128] TreeFrog application servers shutting down
2013-07-11 10:31:51 INFO  [139735089592128] TreeFrog application servers shutdown completed
2013-07-11 10:31:52 INFO  [140375872186176] TreeFrog Framework version 1.6.1
2013-07-11 10:31:52 INFO  [140375872186176] Qt 4.8.4 / Linux 3.8.0-25-generic
2013-07-11 10:31:52 INFO  [140375872186176] TreeFrog application servers start up.  port:8800
2013-07-11 10:31:52 INFO  [140263552919360] SQL database available
2013-07-11 10:32:14 INFO  [140375872186176] TreeFrog application servers shutting down
2013-07-11 10:32:14 INFO  [140375872186176] TreeFrog application servers shutdown completed
2013-07-11 10:32:16 INFO  [140109302892352] TreeFrog Framework version 1.6.1
2013-07-11 10:32:16 INFO  [140109302892352] Qt 4.8.4 / Linux 3.8.0-25-generic
2013-07-11 10:32:16 INFO  [140109302892352] TreeFrog application servers start up.  port:8800
2013-07-11 10:32:16 INFO  [140114202359616] SQL database available
2013-07-11 11:45:53 INFO  [140109302892352] TreeFrog application servers shutting down
2013-07-11 11:45:53 INFO  [140109302892352] TreeFrog application servers shutdown completed
2013-07-11 11:50:01 INFO  [140016522520384] TreeFrog Framework version 1.6.1
2013-07-11 11:50:01 INFO  [140016522520384] Qt 4.8.4 / Linux 3.8.0-25-generic
2013-07-11 11:50:01 INFO  [140016522520384] TreeFrog application servers start up.  port:8800
2013-07-11 11:50:01 INFO  [140664594687808] SQL database available
2013-07-11 11:53:28 INFO  [140016522520384] TreeFrog application servers shutting down
2013-07-11 11:53:28 INFO  [140016522520384] TreeFrog application servers shutdown completed
2013-07-11 11:53:38 INFO  [140428033107776] TreeFrog Framework version 1.6.1
2013-07-11 11:53:38 INFO  [140428033107776] Qt 4.8.4 / Linux 3.8.0-25-generic
2013-07-11 11:53:38 INFO  [140428033107776] TreeFrog application servers start up.  port:8800
2013-07-11 11:53:38 INFO  [140493939914560] SQL database available
2013-07-11 11:57:53 INFO  [140428033107776] TreeFrog application servers shutting down
2013-07-11 11:57:53 INFO  [140428033107776] TreeFrog application servers shutdown completed
2013-07-11 11:57:54 INFO  [139943847511872] TreeFrog Framework version 1.6.1
2013-07-11 11:57:54 INFO  [139943847511872] Qt 4.8.4 / Linux 3.8.0-25-generic
2013-07-11 11:57:54 INFO  [139943847511872] TreeFrog application servers start up.  port:8800
2013-07-11 11:57:54 INFO  [140413354035008] SQL database available
2013-07-11 11:58:59 INFO  [139943847511872] TreeFrog application servers shutting down
2013-07-11 11:58:59 INFO  [139943847511872] TreeFrog application servers shutdown completed
2013-07-11 11:59:01 INFO  [139789346166592] TreeFrog Framework version 1.6.1
2013-07-11 11:59:01 INFO  [139789346166592] Qt 4.8.4 / Linux 3.8.0-25-generic
2013-07-11 11:59:01 INFO  [139789346166592] TreeFrog application servers start up.  port:8800
2013-07-11 11:59:01 INFO  [140487336404800] SQL database available
2013-07-11 11:59:53 WARN  [140487229372160] Reading a socket timed out after 10 seconds. Descriptor:-1
2013-07-11 12:01:10 INFO  [139789346166592] TreeFrog application servers shutting down
2013-07-11 12:01:10 INFO  [139789346166592] TreeFrog application servers shutdown completed
2013-07-11 12:01:13 INFO  [140050068735808] TreeFrog Framework version 1.6.1
2013-07-11 12:01:13 INFO  [140050068735808] Qt 4.8.4 / Linux 3.8.0-25-generic
2013-07-11 12:01:13 INFO  [140050068735808] TreeFrog application servers start up.  port:8800
2013-07-11 12:01:13 INFO  [140213301888832] SQL database available
2013-07-11 12:01:34 WARN  [140213205407488] Reading a socket timed out after 10 seconds. Descriptor:-1
2013-07-11 12:01:49 INFO  [140050068735808] TreeFrog application servers shutting down
2013-07-11 12:01:49 INFO  [140050068735808] TreeFrog application servers shutdown completed
2013-07-11 12:01:51 INFO  [139760585074496] TreeFrog Framework version 1.6.1
2013-07-11 12:01:51 INFO  [139760585074496] Qt 4.8.4 / Linux 3.8.0-25-generic
2013-07-11 12:01:51 INFO  [139760585074496] TreeFrog application servers start up.  port:8800
2013-07-11 12:01:51 INFO  [140269567907648] SQL database available
2013-07-11 12:02:05 INFO  [139760585074496] TreeFrog application servers shutting down
2013-07-11 12:02:05 INFO  [139760585074496] TreeFrog application servers shutdown completed
2013-07-11 12:02:07 INFO  [140338272253760] TreeFrog Framework version 1.6.1
2013-07-11 12:02:07 INFO  [140338272253760] Qt 4.8.4 / Linux 3.8.0-25-generic
2013-07-11 12:02:07 INFO  [140338272253760] TreeFrog application servers start up.  port:8800
2013-07-11 12:02:07 INFO  [140475793377088] SQL database available
2013-07-11 12:02:09 WARN  [140475696883456] QAbstractSocket::waitForBytesWritten() is not allowed in UnconnectedState
2013-07-11 12:02:41 INFO  [140338272253760] TreeFrog application servers shutting down
2013-07-11 12:02:41 INFO  [140338272253760] TreeFrog application servers shutdown completed
2013-07-11 12:02:42 INFO  [140702848599872] TreeFrog Framework version 1.6.1
2013-07-11 12:02:42 INFO  [140702848599872] Qt 4.8.4 / Linux 3.8.0-25-generic
2013-07-11 12:02:42 INFO  [140702848599872] TreeFrog application servers start up.  port:8800
2013-07-11 12:02:43 INFO  [140212759353152] SQL database available
2013-07-11 12:46:13 WARN  [140212652316416] Reading a socket timed out after 10 seconds. Descriptor:-1
2013-07-11 13:00:22 INFO  [140702848599872] TreeFrog application servers shutting down
2013-07-11 13:00:23 INFO  [140702848599872] TreeFrog application servers shutdown completed
2013-07-11 13:00:42 INFO  [139796731467584] TreeFrog Framework version 1.6.1
2013-07-11 13:00:42 INFO  [139796731467584] Qt 4.8.4 / Linux 3.8.0-25-generic
2013-07-11 13:00:42 INFO  [139796731467584] TreeFrog application servers start up.  port:8800
2013-07-11 13:00:42 INFO  [140401701312320] SQL database available
2013-07-11 13:01:02 WARN  [140401569089280] Reading a socket timed out after 10 seconds. Descriptor:-1
2013-07-11 13:01:54 WARN  [140401585874688] Reading a socket timed out after 10 seconds. Descriptor:-1
2013-07-11 13:03:26 INFO  [139796731467584] TreeFrog application servers shutting down
2013-07-11 13:03:26 INFO  [139796731467584] TreeFrog application servers shutdown completed
2013-07-11 13:03:31 INFO  [139936945747776] TreeFrog Framework version 1.6.1
2013-07-11 13:03:31 INFO  [139936945747776] Qt 4.8.4 / Linux 3.8.0-25-generic
2013-07-11 13:03:31 INFO  [139936945747776] TreeFrog application servers start up.  port:8800
2013-07-11 13:03:31 INFO  [139932741150528] SQL database available
2013-07-11 13:05:00 INFO  [139936945747776] TreeFrog application servers shutting down
2013-07-11 13:05:00 INFO  [139936945747776] TreeFrog application servers shutdown completed
2013-07-11 13:05:09 INFO  [140705913415488] TreeFrog Framework version 1.6.1
2013-07-11 13:05:09 INFO  [140705913415488] Qt 4.8.4 / Linux 3.8.0-25-generic
2013-07-11 13:05:09 INFO  [140705913415488] TreeFrog application servers start up.  port:8800
2013-07-11 13:05:09 INFO  [140497125889856] SQL database available
2013-07-11 13:10:04 INFO  [140705913415488] TreeFrog application servers shutting down
2013-07-11 13:10:04 INFO  [140705913415488] TreeFrog application servers shutdown completed
2013-07-11 13:10:12 INFO  [139847577921344] TreeFrog Framework version 1.6.1
2013-07-11 13:10:12 INFO  [139847577921344] Qt 4.8.4 / Linux 3.8.0-25-generic
2013-07-11 13:10:12 INFO  [139847577921344] TreeFrog application servers start up.  port:8800
2013-07-11 13:10:12 INFO  [140476933687104] SQL database available
2013-07-11 13:11:08 INFO  [139847577921344] TreeFrog application servers shutting down
2013-07-11 13:11:08 INFO  [139847577921344] TreeFrog application servers shutdown completed
2013-07-11 13:11:12 INFO  [140346389710656] TreeFrog Framework version 1.6.1
2013-07-11 13:11:12 INFO  [140346389710656] Qt 4.8.4 / Linux 3.8.0-25-generic
2013-07-11 13:11:12 INFO  [140346389710656] TreeFrog application servers start up.  port:8800
2013-07-11 13:11:12 INFO  [140397789734720] SQL database available
2013-07-11 13:14:25 INFO  [140346389710656] TreeFrog application servers shutting down
2013-07-11 13:14:25 INFO  [140346389710656] TreeFrog application servers shutdown completed
2013-07-11 13:14:26 INFO  [140125795391296] TreeFrog Framework version 1.6.1
2013-07-11 13:14:26 INFO  [140125795391296] Qt 4.8.4 / Linux 3.8.0-25-generic
2013-07-11 13:14:26 INFO  [140125795391296] TreeFrog application servers start up.  port:8800
2013-07-11 13:14:26 INFO  [140629870667584] SQL database available
2013-07-11 13:14:49 WARN  [140629774038784] Reading a socket timed out after 10 seconds. Descriptor:12
2013-07-11 13:14:57 INFO  [140125795391296] TreeFrog application servers shutting down
2013-07-11 13:14:57 INFO  [140125795391296] TreeFrog application servers shutdown completed
2013-07-11 13:14:57 INFO  [140195639441216] TreeFrog Framework version 1.6.1
2013-07-11 13:14:57 INFO  [140195639441216] Qt 4.8.4 / Linux 3.8.0-25-generic
2013-07-11 13:14:57 INFO  [140195639441216] TreeFrog application servers start up.  port:8800
2013-07-11 13:14:57 INFO  [140453677934400] SQL database available
2013-07-11 13:15:18 INFO  [140195639441216] TreeFrog application servers shutting down
2013-07-11 13:15:18 INFO  [140195639441216] TreeFrog application servers shutdown completed
2013-07-11 13:15:18 INFO  [140679646455616] TreeFrog Framework version 1.6.1
2013-07-11 13:15:18 INFO  [140679646455616] Qt 4.8.4 / Linux 3.8.0-25-generic
2013-07-11 13:15:18 INFO  [140679646455616] TreeFrog application servers start up.  port:8800
2013-07-11 13:15:18 INFO  [139979711027008] SQL database available
2013-07-11 13:30:41 INFO  [140679646455616] TreeFrog application servers shutting down
2013-07-11 13:30:41 INFO  [140679646455616] TreeFrog application servers shutdown completed
2013-07-11 13:30:44 INFO  [140321618671424] TreeFrog Framework version 1.6.1
2013-07-11 13:30:44 INFO  [140321618671424] Qt 4.8.4 / Linux 3.8.0-25-generic
2013-07-11 13:30:44 INFO  [140321618671424] TreeFrog application servers start up.  port:8800
2013-07-11 13:30:44 INFO  [140616270755648] SQL database available
2013-07-11 13:31:29 INFO  [140321618671424] TreeFrog application servers shutting down
2013-07-11 13:31:29 INFO  [140321618671424] TreeFrog application servers shutdown completed
2013-07-11 13:31:30 INFO  [140460013463360] TreeFrog Framework version 1.6.1
2013-07-11 13:31:30 INFO  [140460013463360] Qt 4.8.4 / Linux 3.8.0-25-generic
2013-07-11 13:31:30 INFO  [140460013463360] TreeFrog application servers start up.  port:8800
2013-07-11 13:31:30 INFO  [140437050632000] SQL database available
2013-07-11 13:33:49 INFO  [140460013463360] TreeFrog application servers shutting down
2013-07-11 13:33:49 INFO  [140460013463360] TreeFrog application servers shutdown completed
2013-07-11 13:34:01 INFO  [140670779402048] TreeFrog Framework version 1.6.1
2013-07-11 13:34:01 INFO  [140670779402048] Qt 4.8.4 / Linux 3.8.0-25-generic
2013-07-11 13:34:01 INFO  [140670779402048] TreeFrog application servers start up.  port:8800
2013-07-11 13:34:01 INFO  [140236089759552] SQL database available
2013-07-11 13:35:25 INFO  [140670779402048] TreeFrog application servers shutting down
2013-07-11 13:35:25 INFO  [140670779402048] TreeFrog application servers shutdown completed
2013-07-11 13:35:26 INFO  [140129772185408] TreeFrog Framework version 1.6.1
2013-07-11 13:35:26 INFO  [140129772185408] Qt 4.8.4 / Linux 3.8.0-25-generic
2013-07-11 13:35:26 INFO  [140129772185408] TreeFrog application servers start up.  port:8800
2013-07-11 13:35:26 INFO  [139832788338496] SQL database available
2013-07-11 13:38:04 INFO  [140129772185408] TreeFrog application servers shutting down
2013-07-11 13:38:04 INFO  [140129772185408] TreeFrog application servers shutdown completed
2013-07-11 13:38:05 INFO  [140644187125568] TreeFrog Framework version 1.6.1
2013-07-11 13:38:05 INFO  [140644187125568] Qt 4.8.4 / Linux 3.8.0-25-generic
2013-07-11 13:38:05 INFO  [140644187125568] TreeFrog application servers start up.  port:8800
2013-07-11 13:38:05 INFO  [139713819621184] SQL database available
2013-07-11 13:38:54 INFO  [140644187125568] TreeFrog application servers shutting down
2013-07-11 13:38:54 INFO  [140644187125568] TreeFrog application servers shutdown completed
2013-07-11 13:38:55 INFO  [139979108714304] TreeFrog Framework version 1.6.1
2013-07-11 13:38:55 INFO  [139979108714304] Qt 4.8.4 / Linux 3.8.0-25-generic
2013-07-11 13:38:55 INFO  [139979108714304] TreeFrog application servers start up.  port:8800
2013-07-11 13:38:55 INFO  [140565691078464] SQL database available
2013-07-11 13:46:13 INFO  [139979108714304] TreeFrog application servers shutting down
2013-07-11 13:46:13 INFO  [139979108714304] TreeFrog application servers shutdown completed
2013-07-11 13:46:14 INFO  [140126785709888] TreeFrog Framework version 1.6.1
2013-07-11 13:46:14 INFO  [140126785709888] Qt 4.8.4 / Linux 3.8.0-25-generic
2013-07-11 13:46:14 INFO  [140126785709888] TreeFrog application servers start up.  port:8800
2013-07-11 13:46:14 INFO  [140288181380928] SQL database available
2013-07-11 13:46:48 INFO  [140126785709888] TreeFrog application servers shutting down
2013-07-11 13:46:48 INFO  [140126785709888] TreeFrog application servers shutdown completed
2013-07-11 13:46:50 INFO  [140277864703808] TreeFrog Framework version 1.6.1
2013-07-11 13:46:50 INFO  [140277864703808] Qt 4.8.4 / Linux 3.8.0-25-generic
2013-07-11 13:46:50 INFO  [140277864703808] TreeFrog application servers start up.  port:8800
2013-07-11 13:46:50 INFO  [139684091225920] SQL database available
2013-07-11 13:48:01 INFO  [140277864703808] TreeFrog application servers shutting down
2013-07-11 13:48:01 INFO  [140277864703808] TreeFrog application servers shutdown completed
2013-07-11 13:48:02 INFO  [140631014999872] TreeFrog Framework version 1.6.1
2013-07-11 13:48:02 INFO  [140631014999872] Qt 4.8.4 / Linux 3.8.0-25-generic
2013-07-11 13:48:02 INFO  [140631014999872] TreeFrog application servers start up.  port:8800
2013-07-11 13:48:02 INFO  [139897562138432] SQL database available
2013-07-11 13:48:41 INFO  [140631014999872] TreeFrog application servers shutting down
2013-07-11 13:48:41 INFO  [140631014999872] TreeFrog application servers shutdown completed
2013-07-11 13:48:43 INFO  [140016641505088] TreeFrog Framework version 1.6.1
2013-07-11 13:48:43 INFO  [140016641505088] Qt 4.8.4 / Linux 3.8.0-25-generic
2013-07-11 13:48:43 INFO  [140016641505088] TreeFrog application servers start up.  port:8800
2013-07-11 13:48:43 INFO  [140523279955776] SQL database available
2013-07-11 13:49:14 INFO  [140016641505088] TreeFrog application servers shutting down
2013-07-11 13:49:14 INFO  [140016641505088] TreeFrog application servers shutdown completed
2013-07-11 13:49:16 INFO  [140198596405056] TreeFrog Framework version 1.6.1
2013-07-11 13:49:16 INFO  [140198596405056] Qt 4.8.4 / Linux 3.8.0-25-generic
2013-07-11 13:49:16 INFO  [140198596405056] TreeFrog application servers start up.  port:8800
2013-07-11 13:49:16 INFO  [140715387692864] SQL database available
2013-07-11 14:01:23 INFO  [140198596405056] TreeFrog application servers shutting down
2013-07-11 14:01:23 INFO  [140198596405056] TreeFrog application servers shutdown completed
2013-07-11 14:01:25 INFO  [139679929554752] TreeFrog Framework version 1.6.1
2013-07-11 14:01:25 INFO  [139679929554752] Qt 4.8.4 / Linux 3.8.0-25-generic
2013-07-11 14:01:25 INFO  [139679929554752] TreeFrog application servers start up.  port:8800
2013-07-11 14:01:25 INFO  [139931135653696] SQL database available
2013-07-11 14:06:29 INFO  [139679929554752] TreeFrog application servers shutting down
2013-07-11 14:06:29 INFO  [139679929554752] TreeFrog application servers shutdown completed
2013-07-11 14:06:30 INFO  [140555207763776] TreeFrog Framework version 1.6.1
2013-07-11 14:06:30 INFO  [140555207763776] Qt 4.8.4 / Linux 3.8.0-25-generic
2013-07-11 14:06:30 INFO  [140555207763776] TreeFrog application servers start up.  port:8800
2013-07-11 14:06:30 INFO  [140638100522816] SQL database available
2013-07-11 14:06:59 INFO  [140555207763776] TreeFrog application servers shutting down
2013-07-11 14:06:59 INFO  [140555207763776] TreeFrog application servers shutdown completed
2013-07-11 14:07:00 INFO  [140538021791552] TreeFrog Framework version 1.6.1
2013-07-11 14:07:00 INFO  [140538021791552] Qt 4.8.4 / Linux 3.8.0-25-generic
2013-07-11 14:07:00 INFO  [140538021791552] TreeFrog application servers start up.  port:8800
2013-07-11 14:07:00 INFO  [140548495353664] SQL database available
2013-07-11 14:08:53 INFO  [140538021791552] TreeFrog application servers shutting down
2013-07-11 14:08:53 INFO  [140538021791552] TreeFrog application servers shutdown completed
2013-07-11 14:08:55 INFO  [139658849265472] TreeFrog Framework version 1.6.1
2013-07-11 14:08:55 INFO  [139658849265472] Qt 4.8.4 / Linux 3.8.0-25-generic
2013-07-11 14:08:55 INFO  [139658849265472] TreeFrog application servers start up.  port:8800
2013-07-11 14:08:55 INFO  [139797983070016] SQL database available
2013-07-11 14:15:41 INFO  [139658849265472] TreeFrog application servers shutting down
2013-07-11 14:15:41 INFO  [139658849265472] TreeFrog application servers shutdown completed
2013-07-11 14:15:42 INFO  [139849489188672] TreeFrog Framework version 1.6.1
2013-07-11 14:15:42 INFO  [139849489188672] Qt 4.8.4 / Linux 3.8.0-25-generic
2013-07-11 14:15:42 INFO  [139849489188672] TreeFrog application servers start up.  port:8800
2013-07-11 14:15:42 INFO  [139817335781184] SQL database available
2013-07-11 14:20:33 INFO  [139849489188672] TreeFrog application servers shutting down
2013-07-11 14:20:33 INFO  [139849489188672] TreeFrog application servers shutdown completed
2013-07-11 14:20:40 INFO  [139750938355520] TreeFrog Framework version 1.6.1
2013-07-11 14:20:40 INFO  [139750938355520] Qt 4.8.4 / Linux 3.8.0-25-generic
2013-07-11 14:20:40 INFO  [139750938355520] TreeFrog application servers start up.  port:8800
2013-07-11 14:20:40 INFO  [140406294705984] SQL database available
2013-07-11 14:22:08 INFO  [139750938355520] TreeFrog application servers shutting down
2013-07-11 14:22:08 INFO  [139750938355520] TreeFrog application servers shutdown completed
2013-07-11 14:22:09 INFO  [139668262807360] TreeFrog Framework version 1.6.1
2013-07-11 14:22:09 INFO  [139668262807360] Qt 4.8.4 / Linux 3.8.0-25-generic
2013-07-11 14:22:09 INFO  [139668262807360] TreeFrog application servers start up.  port:8800
2013-07-11 14:22:09 INFO  [139869734487872] SQL database available
2013-07-11 14:22:34 INFO  [139668262807360] TreeFrog application servers shutting down
2013-07-11 14:22:34 INFO  [139668262807360] TreeFrog application servers shutdown completed
2013-07-11 14:22:36 INFO  [139815313712960] TreeFrog Framework version 1.6.1
2013-07-11 14:22:36 INFO  [139815313712960] Qt 4.8.4 / Linux 3.8.0-25-generic
2013-07-11 14:22:36 INFO  [139815313712960] TreeFrog application servers start up.  port:8800
2013-07-11 14:22:36 INFO  [140319859611456] SQL database available
2013-07-11 14:24:25 INFO  [139815313712960] TreeFrog application servers shutting down
2013-07-11 14:24:25 INFO  [139815313712960] TreeFrog application servers shutdown completed
2013-07-11 14:24:26 INFO  [140138580076352] TreeFrog Framework version 1.6.1
2013-07-11 14:24:26 INFO  [140138580076352] Qt 4.8.4 / Linux 3.8.0-25-generic
2013-07-11 14:24:26 INFO  [140138580076352] TreeFrog application servers start up.  port:8800
2013-07-11 14:24:26 INFO  [140218347013952] SQL database available
2013-07-11 14:24:42 INFO  [140138580076352] TreeFrog application servers shutting down
2013-07-11 14:24:42 INFO  [140138580076352] TreeFrog application servers shutdown completed
2013-07-11 14:24:43 INFO  [140464003991360] TreeFrog Framework version 1.6.1
2013-07-11 14:24:43 INFO  [140464003991360] Qt 4.8.4 / Linux 3.8.0-25-generic
2013-07-11 14:24:43 INFO  [140464003991360] TreeFrog application servers start up.  port:8800
2013-07-11 14:24:43 INFO  [139786852128576] SQL database available
2013-07-11 14:37:02 INFO  [140464003991360] TreeFrog application servers shutting down
2013-07-11 14:37:02 INFO  [140464003991360] TreeFrog application servers shutdown completed
2013-07-11 14:37:03 INFO  [139997613758272] TreeFrog Framework version 1.6.1
2013-07-11 14:37:03 INFO  [139997613758272] Qt 4.8.4 / Linux 3.8.0-25-generic
2013-07-11 14:37:03 INFO  [139997613758272] TreeFrog application servers start up.  port:8800
2013-07-11 14:37:03 INFO  [139749007435584] SQL database available
2013-07-11 14:37:47 INFO  [139997613758272] TreeFrog application servers shutting down
2013-07-11 14:37:47 INFO  [139997613758272] TreeFrog application servers shutdown completed
2013-07-11 14:37:47 INFO  [139964332767040] TreeFrog Framework version 1.6.1
2013-07-11 14:37:47 INFO  [139964332767040] Qt 4.8.4 / Linux 3.8.0-25-generic
2013-07-11 14:37:47 INFO  [139964332767040] TreeFrog application servers start up.  port:8800
2013-07-11 14:37:47 INFO  [139945878374208] SQL database available
2013-07-11 14:38:14 INFO  [139964332767040] TreeFrog application servers shutting down
2013-07-11 14:38:14 INFO  [139964332767040] TreeFrog application servers shutdown completed
2013-07-11 14:38:15 INFO  [139722140829504] TreeFrog Framework version 1.6.1
2013-07-11 14:38:15 INFO  [139722140829504] Qt 4.8.4 / Linux 3.8.0-25-generic
2013-07-11 14:38:15 INFO  [139722140829504] TreeFrog application servers start up.  port:8800
2013-07-11 14:38:15 INFO  [139883093247808] SQL database available
2013-07-11 14:38:21 INFO  [139722140829504] TreeFrog application servers shutting down
2013-07-11 14:38:21 INFO  [139722140829504] TreeFrog application servers shutdown completed
2013-07-11 14:38:22 INFO  [140537391032128] TreeFrog Framework version 1.6.1
2013-07-11 14:38:22 INFO  [140537391032128] Qt 4.8.4 / Linux 3.8.0-25-generic
2013-07-11 14:38:22 INFO  [140537391032128] TreeFrog application servers start up.  port:8800
2013-07-11 14:38:22 INFO  [139641984083776] SQL database available
2013-07-11 16:30:31 INFO  [140537391032128] TreeFrog application servers shutting down
2013-07-11 16:30:31 INFO  [140537391032128] TreeFrog application servers shutdown completed
2013-07-11 16:30:36 INFO  [140721671239488] TreeFrog Framework version 1.6.1
2013-07-11 16:30:36 INFO  [140721671239488] Qt 4.8.4 / Linux 3.8.0-25-generic
2013-07-11 16:30:36 INFO  [140721671239488] TreeFrog application servers start up.  port:8800
2013-07-11 16:30:36 INFO  [139756359935808] SQL database available
2013-07-11 16:31:28 INFO  [140721671239488] TreeFrog application servers shutting down
2013-07-11 16:31:28 INFO  [140721671239488] TreeFrog application servers shutdown completed
2013-07-11 16:31:29 INFO  [140122052630336] TreeFrog Framework version 1.6.1
2013-07-11 16:31:29 INFO  [140122052630336] Qt 4.8.4 / Linux 3.8.0-25-generic
2013-07-11 16:31:29 INFO  [140122052630336] TreeFrog application servers start up.  port:8800
2013-07-11 16:31:29 INFO  [140219186288448] SQL database available
2013-07-11 16:31:40 INFO  [140122052630336] TreeFrog application servers shutting down
2013-07-11 16:31:40 INFO  [140122052630336] TreeFrog application servers shutdown completed
2013-07-11 16:31:41 INFO  [140394412832576] TreeFrog Framework version 1.6.1
2013-07-11 16:31:41 INFO  [140394412832576] Qt 4.8.4 / Linux 3.8.0-25-generic
2013-07-11 16:31:41 INFO  [140394412832576] TreeFrog application servers start up.  port:8800
2013-07-11 16:31:41 INFO  [140328379172672] SQL database available
2013-07-11 16:32:24 INFO  [140394412832576] TreeFrog application servers shutting down
2013-07-11 16:32:24 INFO  [140394412832576] TreeFrog application servers shutdown completed
2013-07-11 16:32:25 INFO  [140003340187456] TreeFrog Framework version 1.6.1
2013-07-11 16:32:25 INFO  [140003340187456] Qt 4.8.4 / Linux 3.8.0-25-generic
2013-07-11 16:32:25 INFO  [140003340187456] TreeFrog application servers start up.  port:8800
2013-07-11 16:32:25 INFO  [139820584609600] SQL database available
2013-07-11 16:32:40 INFO  [140003340187456] TreeFrog application servers shutting down
2013-07-11 16:32:40 INFO  [140003340187456] TreeFrog application servers shutdown completed
2013-07-11 16:32:41 INFO  [139739092678464] TreeFrog Framework version 1.6.1
2013-07-11 16:32:41 INFO  [139739092678464] Qt 4.8.4 / Linux 3.8.0-25-generic
2013-07-11 16:32:41 INFO  [139739092678464] TreeFrog application servers start up.  port:8800
2013-07-11 16:32:41 INFO  [139931065689920] SQL database available
2013-07-11 16:32:53 INFO  [139739092678464] TreeFrog application servers shutting down
2013-07-11 16:32:53 INFO  [139739092678464] TreeFrog application servers shutdown completed
2013-07-11 16:32:54 INFO  [140421602395968] TreeFrog Framework version 1.6.1
2013-07-11 16:32:54 INFO  [140421602395968] Qt 4.8.4 / Linux 3.8.0-25-generic
2013-07-11 16:32:54 INFO  [140421602395968] TreeFrog application servers start up.  port:8800
2013-07-11 16:32:54 INFO  [139828371355456] SQL database available
2013-07-11 16:33:34 INFO  [140421602395968] TreeFrog application servers shutting down
2013-07-11 16:33:34 INFO  [140421602395968] TreeFrog application servers shutdown completed
2013-07-11 16:33:39 INFO  [140387513468736] TreeFrog Framework version 1.6.1
2013-07-11 16:33:39 INFO  [140387513468736] Qt 4.8.4 / Linux 3.8.0-25-generic
2013-07-11 16:33:39 INFO  [140387513468736] TreeFrog application servers start up.  port:8800
2013-07-11 16:33:39 INFO  [140566821410624] SQL database available
2013-07-11 16:34:00 WARN  [140566705903360] Reading a socket timed out after 10 seconds. Descriptor:13
2013-07-11 16:34:00 WARN  [140566714296064] Reading a socket timed out after 10 seconds. Descriptor:-1
2013-07-11 16:34:41 INFO  [140387513468736] TreeFrog application servers shutting down
2013-07-11 16:34:41 INFO  [140387513468736] TreeFrog application servers shutdown completed
2013-07-11 16:34:41 INFO  [140387513468736] TreeFrog Framework version 1.6.1
2013-07-11 16:34:41 INFO  [140387513468736] Qt 4.8.4 / Linux 3.8.0-25-generic
2013-07-11 16:34:41 INFO  [140387513468736] TreeFrog application servers start up.  port:8800
2013-07-11 16:34:41 INFO  [140490058483520] SQL database available
2013-07-11 16:35:43 INFO  [140387513468736] TreeFrog application servers shutting down
2013-07-11 16:35:43 INFO  [140387513468736] TreeFrog application servers shutdown completed
2013-07-11 16:35:43 INFO  [140038600513344] TreeFrog Framework version 1.6.1
2013-07-11 16:35:43 INFO  [140038600513344] Qt 4.8.4 / Linux 3.8.0-25-generic
2013-07-11 16:35:43 INFO  [140038600513344] TreeFrog application servers start up.  port:8800
2013-07-11 16:35:43 INFO  [140552792848192] SQL database available
2013-07-11 16:37:19 INFO  [140038600513344] TreeFrog application servers shutting down
2013-07-11 16:37:19 INFO  [140038600513344] TreeFrog application servers shutdown completed
2013-07-12 08:40:03 INFO  [139904886003520] TreeFrog Framework version 1.6.1
2013-07-12 08:40:03 INFO  [139904886003520] Qt 4.8.4 / Linux 3.8.0-25-generic
2013-07-12 08:40:03 INFO  [139904886003520] TreeFrog application servers start up.  port:8800
2013-07-12 08:40:03 INFO  [140026647304000] SQL database available
2013-07-12 08:42:28 INFO  [139904886003520] TreeFrog application servers shutting down
2013-07-12 08:42:28 INFO  [139904886003520] TreeFrog application servers shutdown completed
2013-07-12 08:42:41 INFO  [140639607244608] TreeFrog Framework version 1.6.1
2013-07-12 08:42:41 INFO  [140639607244608] Qt 4.8.4 / Linux 3.8.0-25-generic
2013-07-12 08:42:41 INFO  [140639607244608] TreeFrog application servers start up.  port:8800
2013-07-12 08:42:41 INFO  [140678219523904] SQL database available
2013-07-12 08:43:23 INFO  [140639607244608] TreeFrog application servers shutting down
2013-07-12 08:43:23 INFO  [140639607244608] TreeFrog application servers shutdown completed
2013-07-12 08:43:27 INFO  [139987320338240] TreeFrog Framework version 1.6.1
2013-07-12 08:43:27 INFO  [139987320338240] Qt 4.8.4 / Linux 3.8.0-25-generic
2013-07-12 08:43:27 INFO  [139987320338240] TreeFrog application servers start up.  port:8800
2013-07-12 08:43:27 INFO  [140272799823680] SQL database available
2013-07-12 08:44:01 WARN  [140272608466688] Reading a socket timed out after 10 seconds. Descriptor:-1
2013-07-12 08:44:06 INFO  [139987320338240] TreeFrog application servers shutting down
2013-07-12 08:44:06 INFO  [139987320338240] TreeFrog application servers shutdown completed
2013-07-12 08:44:07 INFO  [140377043294016] TreeFrog Framework version 1.6.1
2013-07-12 08:44:07 INFO  [140377043294016] Qt 4.8.4 / Linux 3.8.0-25-generic
2013-07-12 08:44:07 INFO  [140377043294016] TreeFrog application servers start up.  port:8800
2013-07-12 08:44:07 INFO  [139835914831680] SQL database available
2013-07-12 08:44:24 INFO  [140377043294016] TreeFrog application servers shutting down
2013-07-12 08:44:24 INFO  [140377043294016] TreeFrog application servers shutdown completed
2013-07-12 08:44:31 INFO  [140467605251904] TreeFrog Framework version 1.6.1
2013-07-12 08:44:31 INFO  [140467605251904] Qt 4.8.4 / Linux 3.8.0-25-generic
2013-07-12 08:44:31 INFO  [140467605251904] TreeFrog application servers start up.  port:8800
2013-07-12 08:44:31 INFO  [140438925178688] SQL database available
2013-07-12 08:46:06 INFO  [140467605251904] TreeFrog application servers shutting down
2013-07-12 08:46:06 INFO  [140467605251904] TreeFrog application servers shutdown completed
2013-07-12 08:46:07 INFO  [140343428900672] TreeFrog Framework version 1.6.1
2013-07-12 08:46:07 INFO  [140343428900672] Qt 4.8.4 / Linux 3.8.0-25-generic
2013-07-12 08:46:07 INFO  [140343428900672] TreeFrog application servers start up.  port:8800
2013-07-12 08:46:07 INFO  [139832264996672] SQL database available
2013-07-12 08:47:17 INFO  [140343428900672] TreeFrog application servers shutting down
2013-07-12 08:47:17 INFO  [140343428900672] TreeFrog application servers shutdown completed
2013-07-12 08:47:19 INFO  [139801271494464] TreeFrog Framework version 1.6.1
2013-07-12 08:47:19 INFO  [139801271494464] Qt 4.8.4 / Linux 3.8.0-25-generic
2013-07-12 08:47:19 INFO  [139801271494464] TreeFrog application servers start up.  port:8800
2013-07-12 08:47:19 INFO  [140135703443264] SQL database available
2013-07-12 09:10:15 INFO  [139801271494464] TreeFrog application servers shutting down
2013-07-12 09:10:15 INFO  [139801271494464] TreeFrog application servers shutdown completed
2013-07-12 09:10:33 INFO  [140105690986304] TreeFrog Framework version 1.6.1
2013-07-12 09:10:33 INFO  [140105690986304] Qt 4.8.4 / Linux 3.8.0-25-generic
2013-07-12 09:10:33 INFO  [140105690986304] TreeFrog application servers start up.  port:8800
2013-07-12 09:10:33 INFO  [139932567865152] SQL database available
2013-07-12 09:11:16 WARN  [139932460742400] Reading a socket timed out after 10 seconds. Descriptor:-1
2013-07-12 09:11:36 INFO  [140105690986304] TreeFrog application servers shutting down
2013-07-12 09:11:36 INFO  [140105690986304] TreeFrog application servers shutdown completed
2013-07-12 09:11:37 INFO  [140009260775232] TreeFrog Framework version 1.6.1
2013-07-12 09:11:37 INFO  [140009260775232] Qt 4.8.4 / Linux 3.8.0-25-generic
2013-07-12 09:11:37 INFO  [140009260775232] TreeFrog application servers start up.  port:8800
2013-07-12 09:11:37 INFO  [140454199191360] SQL database available
2013-07-12 09:12:44 INFO  [140009260775232] TreeFrog application servers shutting down
2013-07-12 09:12:44 INFO  [140009260775232] TreeFrog application servers shutdown completed
2013-07-12 09:12:46 INFO  [140651304965952] TreeFrog Framework version 1.6.1
2013-07-12 09:12:46 INFO  [140651304965952] Qt 4.8.4 / Linux 3.8.0-25-generic
2013-07-12 09:12:46 INFO  [140651304965952] TreeFrog application servers start up.  port:8800
2013-07-12 09:12:46 INFO  [140409196767040] SQL database available
2013-07-12 09:18:19 INFO  [140651304965952] TreeFrog application servers shutting down
2013-07-12 09:18:19 INFO  [140651304965952] TreeFrog application servers shutdown completed
2013-07-12 09:18:20 INFO  [140543924057920] TreeFrog Framework version 1.6.1
2013-07-12 09:18:20 INFO  [140543924057920] Qt 4.8.4 / Linux 3.8.0-25-generic
2013-07-12 09:18:20 INFO  [140543924057920] TreeFrog application servers start up.  port:8800
2013-07-12 09:18:20 INFO  [140368258430784] SQL database available
2013-07-12 09:19:21 INFO  [140543924057920] TreeFrog application servers shutting down
2013-07-12 09:19:21 INFO  [140543924057920] TreeFrog application servers shutdown completed
2013-07-12 09:19:22 INFO  [140086132524864] TreeFrog Framework version 1.6.1
2013-07-12 09:19:22 INFO  [140086132524864] Qt 4.8.4 / Linux 3.8.0-25-generic
2013-07-12 09:19:22 INFO  [140086132524864] TreeFrog application servers start up.  port:8800
2013-07-12 09:19:22 INFO  [140064170477376] SQL database available
2013-07-12 09:19:53 INFO  [140086132524864] TreeFrog application servers shutting down
2013-07-12 09:19:53 INFO  [140086132524864] TreeFrog application servers shutdown completed
2013-07-12 09:19:55 INFO  [139850504972096] TreeFrog Framework version 1.6.1
2013-07-12 09:19:55 INFO  [139850504972096] Qt 4.8.4 / Linux 3.8.0-25-generic
2013-07-12 09:19:55 INFO  [139850504972096] TreeFrog application servers start up.  port:8800
2013-07-12 09:19:55 INFO  [140045047437120] SQL database available
2013-07-12 09:22:08 INFO  [139850504972096] TreeFrog application servers shutting down
2013-07-12 09:22:08 INFO  [139850504972096] TreeFrog application servers shutdown completed
2013-07-12 09:22:09 INFO  [140484514449216] TreeFrog Framework version 1.6.1
2013-07-12 09:22:09 INFO  [140484514449216] Qt 4.8.4 / Linux 3.8.0-25-generic
2013-07-12 09:22:09 INFO  [140484514449216] TreeFrog application servers start up.  port:8800
2013-07-12 09:22:09 INFO  [139849501763392] SQL database available
2013-07-12 09:23:55 INFO  [140484514449216] TreeFrog application servers shutting down
2013-07-12 09:23:55 INFO  [140484514449216] TreeFrog application servers shutdown completed
2013-07-12 09:23:57 INFO  [139810526820160] TreeFrog Framework version 1.6.1
2013-07-12 09:23:57 INFO  [139810526820160] Qt 4.8.4 / Linux 3.8.0-25-generic
2013-07-12 09:23:57 INFO  [139810526820160] TreeFrog application servers start up.  port:8800
2013-07-12 09:23:57 INFO  [140133609006912] SQL database available
2013-07-12 16:31:02 INFO  [139810526820160] TreeFrog application servers shutting down
2013-07-12 16:31:02 INFO  [139810526820160] TreeFrog application servers shutdown completed
2013-07-15 16:38:29 INFO  [140414439479104] TreeFrog Framework version 1.6.1
2013-07-15 16:38:29 INFO  [140414439479104] Qt 4.8.4 / Linux 3.8.0-25-generic
2013-07-15 16:38:29 INFO  [140414439479104] TreeFrog application servers start up.  port:8800
2013-07-15 16:38:29 INFO  [140242663020352] SQL database available
2013-07-15 16:52:27 INFO  [140414439479104] Detected normal exit of server. exitCode:15
2013-07-24 16:48:20 INFO  [139937520416576] TreeFrog Framework version 1.6.1
2013-07-24 16:48:20 INFO  [139937520416576] Qt 4.8.4 / Linux 3.8.0-25-generic
2013-07-24 16:48:20 INFO  [139937520416576] TreeFrog application servers start up.  port:8800
2013-07-24 16:48:20 INFO  [139953961068352] SQL database available
2013-07-24 16:50:23 INFO  [139937520416576] TreeFrog application servers shutting down
2013-07-24 16:50:23 INFO  [139937520416576] TreeFrog application servers shutdown completed
2013-07-24 16:50:26 INFO  [140237037889344] TreeFrog Framework version 1.6.1
2013-07-24 16:50:26 INFO  [140237037889344] Qt 4.8.4 / Linux 3.8.0-25-generic
2013-07-24 16:50:26 INFO  [140237037889344] TreeFrog application servers start up.  port:8800
2013-07-24 16:50:26 INFO  [140684605712192] SQL database available
2013-07-24 16:51:33 INFO  [140237037889344] TreeFrog application servers shutting down
2013-07-24 16:51:33 INFO  [140237037889344] TreeFrog application servers shutdown completed
2013-07-24 16:51:35 INFO  [140155967706944] TreeFrog Framework version 1.6.1
2013-07-24 16:51:35 INFO  [140155967706944] Qt 4.8.4 / Linux 3.8.0-25-generic
2013-07-24 16:51:35 INFO  [140155967706944] TreeFrog application servers start up.  port:8800
2013-07-24 16:51:35 INFO  [140182431741760] SQL database available
